<?xml version="1.0" encoding="UTF-8"?>
<!-- Generated by org.testng.reporters.JUnitReportReporter -->
<testsuite skipped="0" hostname="Betuls-Air.attlocal.net" name="com.Class02.orangeTitleLogin" tests="2" failures="0" timestamp="31 May 2019 00:01:34 GMT" time="5.976" errors="0">
  <testcase name="titleVerification" time="2.411" classname="com.Class02.orangeTitleLogin"/>
  <testcase name="login" time="3.565" classname="com.Class02.orangeTitleLogin"/>
</testsuite> <!-- com.Class02.orangeTitleLogin -->
