<?xml version="1.0" encoding="UTF-8"?>
<!-- Generated by org.testng.reporters.JUnitReportReporter -->
<testsuite skipped="0" hostname="MacBook-Air.attlocal.net" name="com.Class03.DependsOnGroups" tests="3" failures="0" timestamp="06 Jun 2019 17:33:26 GMT" time="0.032" errors="0">
  <testcase name="three" time="0.003" classname="com.Class03.DependsOnGroups"/>
  <testcase name="two" time="0.002" classname="com.Class03.DependsOnGroups"/>
  <testcase name="one" time="0.027" classname="com.Class03.DependsOnGroups"/>
</testsuite> <!-- com.Class03.DependsOnGroups -->
