<?xml version="1.0" encoding="UTF-8"?>
<!-- Generated by org.testng.reporters.JUnitReportReporter -->
<testsuite skipped="0" hostname="Betuls-Air.lan1" name="com.Homework.DataProviderDemo" tests="2" failures="0" timestamp="07 Jun 2019 18:59:51 GMT" time="0.055" errors="0">
  <testcase name="details" time="0.053" classname="com.Homework.DataProviderDemo"/>
  <testcase name="details" time="0.002" classname="com.Homework.DataProviderDemo"/>
</testsuite> <!-- com.Homework.DataProviderDemo -->
