<?xml version="1.0" encoding="UTF-8"?>
<!-- Generated by org.testng.reporters.JUnitReportReporter -->
<testsuite skipped="0" hostname="Betuls-Air.attlocal.net" name="com.Class03.NewTourExample" tests="1" failures="0" timestamp="06 Jun 2019 23:28:57 GMT" time="1.938" errors="0">
  <testcase name="userInformation" time="1.938" classname="com.Class03.NewTourExample"/>
</testsuite> <!-- com.Class03.NewTourExample -->
