<?xml version="1.0" encoding="UTF-8"?>
<!-- Generated by org.testng.reporters.JUnitReportReporter -->
<testsuite skipped="0" hostname="Betuls-Air.attlocal.net" name="com.Class02.priorityExample" tests="2" failures="0" timestamp="30 May 2019 23:37:47 GMT" time="0.949" errors="0">
  <testcase name="test" time="0.910" classname="com.Class02.priorityExample"/>
  <testcase name="mainpage" time="0.039" classname="com.Class02.priorityExample"/>
</testsuite> <!-- com.Class02.priorityExample -->
