<?xml version="1.0" encoding="UTF-8"?>
<!-- Generated by org.testng.reporters.JUnitReportReporter -->
<testsuite skipped="0" hostname="Betuls-Air.attlocal.net" name="com.Class01.test" tests="3" failures="0" timestamp="29 May 2019 19:08:56 GMT" time="0.098" errors="0">
  <testcase name="a" time="0.068" classname="com.Class01.test"/>
  <testcase name="testDemo" time="0.019" classname="com.Class01.test"/>
  <testcase name="b" time="0.011" classname="com.Class01.test"/>
</testsuite> <!-- com.Class01.test -->
