<?xml version="1.0" encoding="UTF-8"?>
<!-- Generated by org.testng.reporters.JUnitReportReporter -->
<testsuite skipped="0" hostname="MacBook-Air.attlocal.net" name="com.Class03.DependsOnMethod" tests="3" failures="0" timestamp="06 Jun 2019 17:25:03 GMT" time="0.024" errors="0">
  <testcase name="three" time="0.003" classname="com.Class03.DependsOnMethod"/>
  <testcase name="one" time="0.020" classname="com.Class03.DependsOnMethod"/>
  <testcase name="two" time="0.001" classname="com.Class03.DependsOnMethod"/>
</testsuite> <!-- com.Class03.DependsOnMethod -->
