<?xml version="1.0" encoding="UTF-8"?>
<!-- Generated by org.testng.reporters.JUnitReportReporter -->
<testsuite skipped="0" hostname="Betuls-Air.attlocal.net" name="com.Homework.DataProviderWebOrder" tests="6" failures="0" timestamp="08 Jun 2019 01:50:14 GMT" time="7.591" errors="0">
  <testcase name="addOrder" time="1.280" classname="com.Homework.DataProviderWebOrder"/>
  <testcase name="addOrder" time="1.377" classname="com.Homework.DataProviderWebOrder"/>
  <testcase name="addOrder" time="1.334" classname="com.Homework.DataProviderWebOrder"/>
  <testcase name="addOrder" time="1.608" classname="com.Homework.DataProviderWebOrder"/>
  <testcase name="addOrder" time="1.334" classname="com.Homework.DataProviderWebOrder"/>
  <testcase name="Login" time="0.658" classname="com.Homework.DataProviderWebOrder"/>
</testsuite> <!-- com.Homework.DataProviderWebOrder -->
