<?xml version="1.0" encoding="UTF-8"?>
<!-- Generated by org.testng.reporters.JUnitReportReporter -->
<testsuite skipped="0" hostname="Betuls-Air.attlocal.net" name="com.Class01.Task1" tests="1" failures="0" timestamp="29 May 2019 19:23:54 GMT" time="10.691" errors="0">
  <testcase name="test" time="10.691" classname="com.Class01.Task1"/>
</testsuite> <!-- com.Class01.Task1 -->
