<?xml version="1.0" encoding="UTF-8"?>
<!-- Generated by org.testng.reporters.JUnitReportReporter -->
<testsuite skipped="0" hostname="Betuls-Air.attlocal.net" name="com.Class04.TaskSauceDemo" tests="1" failures="0" timestamp="07 Jun 2019 00:17:32 GMT" time="4.271" errors="0">
  <testcase name="UserName1" time="4.271" classname="com.Class04.TaskSauceDemo"/>
</testsuite> <!-- com.Class04.TaskSauceDemo -->
