<?xml version="1.0" encoding="UTF-8"?>
<!-- Generated by org.testng.reporters.JUnitReportReporter -->
<testsuite skipped="0" hostname="Betuls-Air.attlocal.net" name="com.Class04.ParametersSauceDemo" tests="2" failures="0" timestamp="07 Jun 2019 01:28:09 GMT" time="6.250" errors="0">
  <testcase name="UserName2" time="3.396" classname="com.Class04.ParametersSauceDemo"/>
  <testcase name="UserName1" time="2.854" classname="com.Class04.ParametersSauceDemo"/>
</testsuite> <!-- com.Class04.ParametersSauceDemo -->
