<?xml version="1.0" encoding="UTF-8"?>
<!-- Generated by org.testng.reporters.JUnitReportReporter -->
<testsuite skipped="0" hostname="Betuls-Air.attlocal.net" name="com.Class01.orangehrmExample" tests="1" failures="0" timestamp="17 Jun 2019 04:37:30 GMT" time="8.630" errors="0">
  <testcase name="login" time="8.630" classname="com.Class01.orangehrmExample"/>
</testsuite> <!-- com.Class01.orangehrmExample -->
