<?xml version="1.0" encoding="UTF-8"?>
<!-- Generated by org.testng.reporters.JUnitReportReporter -->
<testsuite skipped="0" hostname="Betuls-Air.attlocal.net" name="com.Class01.BeforeAndAfterMethod" tests="2" failures="0" timestamp="29 May 2019 19:14:17 GMT" time="0.048" errors="0">
  <testcase name="testMethodOne" time="0.012" classname="com.Class01.BeforeAndAfterMethod"/>
  <testcase name="testMethodTwo" time="0.036" classname="com.Class01.BeforeAndAfterMethod"/>
</testsuite> <!-- com.Class01.BeforeAndAfterMethod -->
